# JRE version: Java(TM) SE Runtime Environment (8.0_45-b14) (build 1.8.0_45-b14)
# Java VM: Java HotSpot(TM) 64-Bit Server VM (25.45-b02 mixed mode linux-amd64 compressed oops)
Heap:
 PSYoungGen      total 103424K, used 11247K [0x00000000e0980000, 0x00000000e7980000, 0x0000000100000000)
  eden space 92160K, 0% used [0x00000000e0980000,0x00000000e0980000,0x00000000e6380000)
  from space 11264K, 99% used [0x00000000e6380000,0x00000000e6e7be50,0x00000000e6e80000)
  to   space 9216K, 0% used [0x00000000e7080000,0x00000000e7080000,0x00000000e7980000)
 ParOldGen       total 49152K, used 24848K [0x00000000a1c00000, 0x00000000a4c00000, 0x00000000e0980000)
  object space 49152K, 50% used [0x00000000a1c00000,0x00000000a3444008,0x00000000a4c00000)
 Metaspace       used 34471K, capacity 34970K, committed 35200K, reserved 1079296K
  class space    used 4763K, capacity 4920K, committed 4992K, reserved 1048576K
GC Heap History (10 events):
Event: 17,801 GC heap after
Heap after GC invocations=3 (full 0):
 PSYoungGen      total 53248K, used 4080K [0x00000000e0980000, 0x00000000e4180000, 0x0000000100000000)
  eden space 49152K, 0% used [0x00000000e0980000,0x00000000e0980000,0x00000000e3980000)
  from space 4096K, 99% used [0x00000000e3980000,0x00000000e3d7c010,0x00000000e3d80000)
  to   space 4096K, 0% used [0x00000000e3d80000,0x00000000e3d80000,0x00000000e4180000)
 ParOldGen       total 65536K, used 6982K [0x00000000a1c00000, 0x00000000a5c00000, 0x00000000e0980000)
  object space 65536K, 10% used [0x00000000a1c00000,0x00000000a22d1b38,0x00000000a5c00000)
 Metaspace       used 17616K, capacity 17834K, committed 18048K, reserved 1064960K
  class space    used 2324K, capacity 2381K, committed 2432K, reserved 1048576K
}
Event: 19,494 GC heap before
{Heap before GC invocations=4 (full 0):
 PSYoungGen      total 53248K, used 40677K [0x00000000e0980000, 0x00000000e4180000, 0x0000000100000000)
  eden space 49152K, 74% used [0x00000000e0980000,0x00000000e2d3d740,0x00000000e3980000)
  from space 4096K, 99% used [0x00000000e3980000,0x00000000e3d7c010,0x00000000e3d80000)
  to   space 4096K, 0% used [0x00000000e3d80000,0x00000000e3d80000,0x00000000e4180000)
 ParOldGen       total 65536K, used 6982K [0x00000000a1c00000, 0x00000000a5c00000, 0x00000000e0980000)
  object space 65536K, 10% used [0x00000000a1c00000,0x00000000a22d1b38,0x00000000a5c00000)
 Metaspace       used 20992K, capacity 21194K, committed 21296K, reserved 1067008K
  class space    used 2863K, capacity 2942K, committed 2944K, reserved 1048576K
Event: 20,112 GC heap after
Heap after GC invocations=4 (full 0):
 PSYoungGen      total 53248K, used 4080K [0x00000000e0980000, 0x00000000e7180000, 0x0000000100000000)
  eden space 49152K, 0% used [0x00000000e0980000,0x00000000e0980000,0x00000000e3980000)
  from space 4096K, 99% used [0x00000000e3d80000,0x00000000e417c040,0x00000000e4180000)
  to   space 4096K, 0% used [0x00000000e3980000,0x00000000e3980000,0x00000000e3d80000)
 ParOldGen       total 65536K, used 11943K [0x00000000a1c00000, 0x00000000a5c00000, 0x00000000e0980000)
  object space 65536K, 18% used [0x00000000a1c00000,0x00000000a27a9df0,0x00000000a5c00000)
 Metaspace       used 20992K, capacity 21194K, committed 21296K, reserved 1067008K
  class space    used 2863K, capacity 2942K, committed 2944K, reserved 1048576K
}
Event: 20,112 GC heap before
{Heap before GC invocations=5 (full 1):
 PSYoungGen      total 53248K, used 4080K [0x00000000e0980000, 0x00000000e7180000, 0x0000000100000000)
  eden space 49152K, 0% used [0x00000000e0980000,0x00000000e0980000,0x00000000e3980000)
  from space 4096K, 99% used [0x00000000e3d80000,0x00000000e417c040,0x00000000e4180000)
  to   space 4096K, 0% used [0x00000000e3980000,0x00000000e3980000,0x00000000e3d80000)
 ParOldGen       total 65536K, used 11943K [0x00000000a1c00000, 0x00000000a5c00000, 0x00000000e0980000)
  object space 65536K, 18% used [0x00000000a1c00000,0x00000000a27a9df0,0x00000000a5c00000)
 Metaspace       used 20992K, capacity 21194K, committed 21296K, reserved 1067008K
  class space    used 2863K, capacity 2942K, committed 2944K, reserved 1048576K
Event: 20,238 GC heap after
Heap after GC invocations=5 (full 1):
 PSYoungGen      total 53248K, used 0K [0x00000000e0980000, 0x00000000e7180000, 0x0000000100000000)
  eden space 49152K, 0% used [0x00000000e0980000,0x00000000e0980000,0x00000000e3980000)
  from space 4096K, 0% used [0x00000000e3d80000,0x00000000e3d80000,0x00000000e4180000)
  to   space 4096K, 0% used [0x00000000e3980000,0x00000000e3980000,0x00000000e3d80000)
 ParOldGen       total 49152K, used 14832K [0x00000000a1c00000, 0x00000000a4c00000, 0x00000000e0980000)
  object space 49152K, 30% used [0x00000000a1c00000,0x00000000a2a7c338,0x00000000a4c00000)
 Metaspace       used 20992K, capacity 21194K, committed 21296K, reserved 1067008K
  class space    used 2863K, capacity 2942K, committed 2944K, reserved 1048576K
}
Event: 22,184 GC heap before
{Heap before GC invocations=6 (full 1):
 PSYoungGen      total 53248K, used 49152K [0x00000000e0980000, 0x00000000e7180000, 0x0000000100000000)
  eden space 49152K, 100% used [0x00000000e0980000,0x00000000e3980000,0x00000000e3980000)
  from space 4096K, 0% used [0x00000000e3d80000,0x00000000e3d80000,0x00000000e4180000)
  to   space 4096K, 0% used [0x00000000e3980000,0x00000000e3980000,0x00000000e3d80000)
 ParOldGen       total 49152K, used 14832K [0x00000000a1c00000, 0x00000000a4c00000, 0x00000000e0980000)
  object space 49152K, 30% used [0x00000000a1c00000,0x00000000a2a7c338,0x00000000a4c00000)
 Metaspace       used 23848K, capacity 24314K, committed 24448K, reserved 1071104K
  class space    used 3295K, capacity 3448K, committed 3456K, reserved 1048576K
Event: 22,190 GC heap after
Heap after GC invocations=6 (full 1):
 PSYoungGen      total 53248K, used 4054K [0x00000000e0980000, 0x00000000e7c00000, 0x0000000100000000)
  eden space 49152K, 0% used [0x00000000e0980000,0x00000000e0980000,0x00000000e3980000)
  from space 4096K, 98% used [0x00000000e3980000,0x00000000e3d75bf0,0x00000000e3d80000)
  to   space 11776K, 0% used [0x00000000e7080000,0x00000000e7080000,0x00000000e7c00000)
 ParOldGen       total 49152K, used 14840K [0x00000000a1c00000, 0x00000000a4c00000, 0x00000000e0980000)
  object space 49152K, 30% used [0x00000000a1c00000,0x00000000a2a7e338,0x00000000a4c00000)
 Metaspace       used 23848K, capacity 24314K, committed 24448K, reserved 1071104K
  class space    used 3295K, capacity 3448K, committed 3456K, reserved 1048576K
}
Event: 23,014 GC heap before
{Heap before GC invocations=7 (full 1):
 PSYoungGen      total 53248K, used 53206K [0x00000000e0980000, 0x00000000e7c00000, 0x0000000100000000)
  eden space 49152K, 100% used [0x00000000e0980000,0x00000000e3980000,0x00000000e3980000)
  from space 4096K, 98% used [0x00000000e3980000,0x00000000e3d75bf0,0x00000000e3d80000)
  to   space 11776K, 0% used [0x00000000e7080000,0x00000000e7080000,0x00000000e7c00000)
 ParOldGen       total 49152K, used 14840K [0x00000000a1c00000, 0x00000000a4c00000, 0x00000000e0980000)
  object space 49152K, 30% used [0x00000000a1c00000,0x00000000a2a7e338,0x00000000a4c00000)
 Metaspace       used 25483K, capacity 26002K, committed 26240K, reserved 1071104K
  class space    used 3562K, capacity 3710K, committed 3712K, reserved 1048576K
Event: 23,020 GC heap after
Heap after GC invocations=7 (full 1):
 PSYoungGen      total 101376K, used 6378K [0x00000000e0980000, 0x00000000e7980000, 0x0000000100000000)
  eden space 92160K, 0% used [0x00000000e0980000,0x00000000e0980000,0x00000000e6380000)
  from space 9216K, 69% used [0x00000000e7080000,0x00000000e76ba820,0x00000000e7980000)
  to   space 11264K, 0% used [0x00000000e6380000,0x00000000e6380000,0x00000000e6e80000)
 ParOldGen       total 49152K, used 14848K [0x00000000a1c00000, 0x00000000a4c00000, 0x00000000e0980000)
  object space 49152K, 30% used [0x00000000a1c00000,0x00000000a2a80338,0x00000000a4c00000)
 Metaspace       used 25483K, capacity 26002K, committed 26240K, reserved 1071104K
  class space    used 3562K, capacity 3710K, committed 3712K, reserved 1048576K
}
Event: 33,551 GC heap before
{Heap before GC invocations=8 (full 1):
 PSYoungGen      total 101376K, used 98538K [0x00000000e0980000, 0x00000000e7980000, 0x0000000100000000)
  eden space 92160K, 100% used [0x00000000e0980000,0x00000000e6380000,0x00000000e6380000)
  from space 9216K, 69% used [0x00000000e7080000,0x00000000e76ba820,0x00000000e7980000)
  to   space 11264K, 0% used [0x00000000e6380000,0x00000000e6380000,0x00000000e6e80000)
 ParOldGen       total 49152K, used 14848K [0x00000000a1c00000, 0x00000000a4c00000, 0x00000000e0980000)
  object space 49152K, 30% used [0x00000000a1c00000,0x00000000a2a80338,0x00000000a4c00000)
 Metaspace       used 34471K, capacity 34970K, committed 35200K, reserved 1079296K
  class space    used 4763K, capacity 4920K, committed 4992K, reserved 1048576K

